0 info it worked if it ends with ok
1 verbose cli [ '/usr/bin/node',
1 verbose cli   '/usr/bin/npm',
1 verbose cli   'install',
1 verbose cli   'axon',
1 verbose cli   'express',
1 verbose cli   'socket.io',
1 verbose cli   'request',
1 verbose cli   '--save' ]
2 info using npm@1.4.28
3 info using node@v0.10.32
4 verbose node symlink /usr/bin/node
5 warn package.json webserver@1.0.0 No repository field.
6 warn package.json webserver@1.0.0 No README data
7 verbose readDependencies using package.json deps
8 verbose cache add [ 'axon', null ]
9 verbose cache add name=undefined spec="axon" args=["axon",null]
10 verbose parsed url { protocol: null,
10 verbose parsed url   slashes: null,
10 verbose parsed url   auth: null,
10 verbose parsed url   host: null,
10 verbose parsed url   port: null,
10 verbose parsed url   hostname: null,
10 verbose parsed url   hash: null,
10 verbose parsed url   search: null,
10 verbose parsed url   query: null,
10 verbose parsed url   pathname: 'axon',
10 verbose parsed url   path: 'axon',
10 verbose parsed url   href: 'axon' }
11 verbose cache add [ 'express', null ]
12 verbose cache add name=undefined spec="express" args=["express",null]
13 verbose parsed url { protocol: null,
13 verbose parsed url   slashes: null,
13 verbose parsed url   auth: null,
13 verbose parsed url   host: null,
13 verbose parsed url   port: null,
13 verbose parsed url   hostname: null,
13 verbose parsed url   hash: null,
13 verbose parsed url   search: null,
13 verbose parsed url   query: null,
13 verbose parsed url   pathname: 'express',
13 verbose parsed url   path: 'express',
13 verbose parsed url   href: 'express' }
14 verbose cache add [ 'socket.io', null ]
15 verbose cache add name=undefined spec="socket.io" args=["socket.io",null]
16 verbose parsed url { protocol: null,
16 verbose parsed url   slashes: null,
16 verbose parsed url   auth: null,
16 verbose parsed url   host: null,
16 verbose parsed url   port: null,
16 verbose parsed url   hostname: null,
16 verbose parsed url   hash: null,
16 verbose parsed url   search: null,
16 verbose parsed url   query: null,
16 verbose parsed url   pathname: 'socket.io',
16 verbose parsed url   path: 'socket.io',
16 verbose parsed url   href: 'socket.io' }
17 verbose cache add [ 'request', null ]
18 verbose cache add name=undefined spec="request" args=["request",null]
19 verbose parsed url { protocol: null,
19 verbose parsed url   slashes: null,
19 verbose parsed url   auth: null,
19 verbose parsed url   host: null,
19 verbose parsed url   port: null,
19 verbose parsed url   hostname: null,
19 verbose parsed url   hash: null,
19 verbose parsed url   search: null,
19 verbose parsed url   query: null,
19 verbose parsed url   pathname: 'request',
19 verbose parsed url   path: 'request',
19 verbose parsed url   href: 'request' }
20 silly lockFile 29c1c2a2-axon axon
21 verbose lock axon /home/yuling/.npm/29c1c2a2-axon.lock
22 silly lockFile f3c62de4-express express
23 verbose lock express /home/yuling/.npm/f3c62de4-express.lock
24 silly lockFile 71475bfd-socket-io socket.io
25 verbose lock socket.io /home/yuling/.npm/71475bfd-socket-io.lock
26 silly lockFile 088e29b0-request request
27 verbose lock request /home/yuling/.npm/088e29b0-request.lock
28 silly lockFile 29c1c2a2-axon axon
29 silly lockFile 29c1c2a2-axon axon
30 silly lockFile f3c62de4-express express
31 silly lockFile f3c62de4-express express
32 silly lockFile 71475bfd-socket-io socket.io
33 silly lockFile 71475bfd-socket-io socket.io
34 silly lockFile 088e29b0-request request
35 silly lockFile 088e29b0-request request
36 verbose addNamed [ 'axon', '' ]
37 verbose addNamed [ null, '*' ]
38 silly lockFile 2d4dc498-axon axon@
39 verbose lock axon@ /home/yuling/.npm/2d4dc498-axon.lock
40 verbose addNamed [ 'express', '' ]
41 verbose addNamed [ null, '*' ]
42 silly lockFile 64a534c1-express express@
43 verbose lock express@ /home/yuling/.npm/64a534c1-express.lock
44 verbose addNamed [ 'socket.io', '' ]
45 verbose addNamed [ null, '*' ]
46 silly lockFile c03de861-socket-io socket.io@
47 verbose lock socket.io@ /home/yuling/.npm/c03de861-socket-io.lock
48 verbose addNamed [ 'request', '' ]
49 verbose addNamed [ null, '*' ]
50 silly lockFile 9d461bcf-request request@
51 verbose lock request@ /home/yuling/.npm/9d461bcf-request.lock
52 silly addNameRange { name: 'axon', range: '*', hasData: false }
53 silly addNameRange { name: 'express', range: '*', hasData: false }
54 silly addNameRange { name: 'socket.io', range: '*', hasData: false }
55 silly addNameRange { name: 'request', range: '*', hasData: false }
56 verbose request where is /socket.io
57 verbose request registry https://registry.npmjs.org/
58 verbose request id 857e90bbf08eecc0
59 verbose url raw /socket.io
60 verbose url resolving [ 'https://registry.npmjs.org/', './socket.io' ]
61 verbose url resolved https://registry.npmjs.org/socket.io
62 verbose request where is https://registry.npmjs.org/socket.io
63 info trying registry request attempt 1 at 23:04:07
64 http GET https://registry.npmjs.org/socket.io
65 verbose request where is /axon
66 verbose request registry https://registry.npmjs.org/
67 verbose url raw /axon
68 verbose url resolving [ 'https://registry.npmjs.org/', './axon' ]
69 verbose url resolved https://registry.npmjs.org/axon
70 verbose request where is https://registry.npmjs.org/axon
71 info trying registry request attempt 1 at 23:04:07
72 verbose etag "4WIZYC1AB8S0FOPTDRN6WBG6V"
73 http GET https://registry.npmjs.org/axon
74 verbose request where is /express
75 verbose request registry https://registry.npmjs.org/
76 verbose url raw /express
77 verbose url resolving [ 'https://registry.npmjs.org/', './express' ]
78 verbose url resolved https://registry.npmjs.org/express
79 verbose request where is https://registry.npmjs.org/express
80 info trying registry request attempt 1 at 23:04:07
81 verbose etag "BPEPPOI4VAIKJNPLPDXQNKFPC"
82 http GET https://registry.npmjs.org/express
83 verbose request where is /request
84 verbose request registry https://registry.npmjs.org/
85 verbose url raw /request
86 verbose url resolving [ 'https://registry.npmjs.org/', './request' ]
87 verbose url resolved https://registry.npmjs.org/request
88 verbose request where is https://registry.npmjs.org/request
89 info trying registry request attempt 1 at 23:04:07
90 verbose etag "D7JE3A5K703E5CEP79HJ9ACSM"
91 http GET https://registry.npmjs.org/request
92 http 304 https://registry.npmjs.org/axon
93 silly registry.get cb [ 304,
93 silly registry.get   { date: 'Thu, 06 Nov 2014 05:44:37 GMT',
93 silly registry.get     server: 'Apache',
93 silly registry.get     via: '1.1 varnish',
93 silly registry.get     'last-modified': 'Thu, 06 Nov 2014 05:44:37 GMT',
93 silly registry.get     'cache-control': 'max-age=60',
93 silly registry.get     etag: '"4WIZYC1AB8S0FOPTDRN6WBG6V"',
93 silly registry.get     age: '0',
93 silly registry.get     'x-served-by': 'cache-lax1421-LAX',
93 silly registry.get     'x-cache': 'MISS',
93 silly registry.get     'x-cache-hits': '0',
93 silly registry.get     'x-timer': 'S1415252677.197021,VS0,VE72',
93 silly registry.get     vary: 'Accept',
93 silly registry.get     'content-length': '0',
93 silly registry.get     'keep-alive': 'timeout=10, max=50',
93 silly registry.get     connection: 'Keep-Alive' } ]
94 verbose etag https://registry.npmjs.org/axon from cache
95 silly addNameRange number 2 { name: 'axon', range: '*', hasData: true }
96 silly addNameRange versions [ 'axon',
96 silly addNameRange   [ '0.0.3',
96 silly addNameRange     '0.1.0',
96 silly addNameRange     '0.2.0',
96 silly addNameRange     '0.3.0',
96 silly addNameRange     '0.3.1',
96 silly addNameRange     '0.3.2',
96 silly addNameRange     '0.4.0',
96 silly addNameRange     '0.4.1',
96 silly addNameRange     '0.4.2',
96 silly addNameRange     '0.4.3',
96 silly addNameRange     '0.4.4',
96 silly addNameRange     '0.4.5',
96 silly addNameRange     '0.4.6',
96 silly addNameRange     '0.5.0',
96 silly addNameRange     '0.5.1',
96 silly addNameRange     '0.5.2',
96 silly addNameRange     '0.6.0',
96 silly addNameRange     '0.6.1',
96 silly addNameRange     '1.0.0',
96 silly addNameRange     '2.0.0',
96 silly addNameRange     '2.0.1' ] ]
97 verbose addNamed [ 'axon', '2.0.1' ]
98 verbose addNamed [ '2.0.1', '2.0.1' ]
99 silly lockFile e0f3d4a2-axon-2-0-1 axon@2.0.1
100 verbose lock axon@2.0.1 /home/yuling/.npm/e0f3d4a2-axon-2-0-1.lock
101 silly lockFile e0f3d4a2-axon-2-0-1 axon@2.0.1
102 silly lockFile e0f3d4a2-axon-2-0-1 axon@2.0.1
103 silly lockFile 2d4dc498-axon axon@
104 silly lockFile 2d4dc498-axon axon@
105 http 200 https://registry.npmjs.org/socket.io
106 silly registry.get cb [ 200,
106 silly registry.get   { date: 'Thu, 06 Nov 2014 05:44:37 GMT',
106 silly registry.get     server: 'CouchDB/1.5.0 (Erlang OTP/R16B03)',
106 silly registry.get     etag: '"8DEB2CCFWAQ32IR6U2NVDEJF3"',
106 silly registry.get     'content-type': 'application/json',
106 silly registry.get     'cache-control': 'max-age=60',
106 silly registry.get     'content-length': '101158',
106 silly registry.get     'accept-ranges': 'bytes',
106 silly registry.get     via: '1.1 varnish',
106 silly registry.get     age: '7',
106 silly registry.get     'x-served-by': 'cache-lax1432-LAX',
106 silly registry.get     'x-cache': 'HIT',
106 silly registry.get     'x-cache-hits': '1',
106 silly registry.get     'x-timer': 'S1415252677.203344,VS0,VE0',
106 silly registry.get     vary: 'Accept',
106 silly registry.get     'keep-alive': 'timeout=10, max=50',
106 silly registry.get     connection: 'Keep-Alive' } ]
107 silly addNameRange number 2 { name: 'socket.io', range: '*', hasData: true }
108 silly addNameRange versions [ 'socket.io',
108 silly addNameRange   [ '0.3.8',
108 silly addNameRange     '0.4.0',
108 silly addNameRange     '0.4.1',
108 silly addNameRange     '0.5.1',
108 silly addNameRange     '0.5.3',
108 silly addNameRange     '0.6.0',
108 silly addNameRange     '0.6.1',
108 silly addNameRange     '0.6.3',
108 silly addNameRange     '0.6.4',
108 silly addNameRange     '0.6.5',
108 silly addNameRange     '0.6.6',
108 silly addNameRange     '0.6.7',
108 silly addNameRange     '0.6.8',
108 silly addNameRange     '0.6.9',
108 silly addNameRange     '0.6.10',
108 silly addNameRange     '0.6.11',
108 silly addNameRange     '0.6.12',
108 silly addNameRange     '0.6.14',
108 silly addNameRange     '0.6.15',
108 silly addNameRange     '0.6.16',
108 silly addNameRange     '0.6.17',
108 silly addNameRange     '0.6.18',
108 silly addNameRange     '0.7.0',
108 silly addNameRange     '0.7.1',
108 silly addNameRange     '0.7.2',
108 silly addNameRange     '0.7.3',
108 silly addNameRange     '0.7.4',
108 silly addNameRange     '0.7.5',
108 silly addNameRange     '0.7.6',
108 silly addNameRange     '0.7.7',
108 silly addNameRange     '0.7.8',
108 silly addNameRange     '0.7.9',
108 silly addNameRange     '0.7.10',
108 silly addNameRange     '0.7.11',
108 silly addNameRange     '0.8.0',
108 silly addNameRange     '0.8.1',
108 silly addNameRange     '0.8.2',
108 silly addNameRange     '0.8.3',
108 silly addNameRange     '0.8.4',
108 silly addNameRange     '0.8.5',
108 silly addNameRange     '0.8.6',
108 silly addNameRange     '0.8.7',
108 silly addNameRange     '0.9.0',
108 silly addNameRange     '0.9.1',
108 silly addNameRange     '0.9.1-1',
108 silly addNameRange     '0.9.2',
108 silly addNameRange     '0.9.3',
108 silly addNameRange     '0.9.4',
108 silly addNameRange     '0.9.5',
108 silly addNameRange     '0.9.6',
108 silly addNameRange     '0.9.7',
108 silly addNameRange     '0.9.8',
108 silly addNameRange     '0.9.9',
108 silly addNameRange     '0.9.10',
108 silly addNameRange     '0.9.11',
108 silly addNameRange     '0.9.12',
108 silly addNameRange     '0.9.13',
108 silly addNameRange     '0.9.14',
108 silly addNameRange     '0.9.15',
108 silly addNameRange     '0.9.16',
108 silly addNameRange     '1.0.0-pre',
108 silly addNameRange     '1.0.0-pre2',
108 silly addNameRange     '1.0.0-pre3',
108 silly addNameRange     '1.0.0-pre4',
108 silly addNameRange     '1.0.0-pre5',
108 silly addNameRange     '0.9.17',
108 silly addNameRange     '1.0.0',
108 silly addNameRange     '1.0.1',
108 silly addNameRange     '1.0.2',
108 silly addNameRange     '1.0.3',
108 silly addNameRange     '1.0.4',
108 silly addNameRange     '1.0.5',
108 silly addNameRange     '1.0.6',
108 silly addNameRange     '1.1.0',
108 silly addNameRange     '1.2.0' ] ]
109 verbose addNamed [ 'socket.io', '1.2.0' ]
110 verbose addNamed [ '1.2.0', '1.2.0' ]
111 silly lockFile 1b93a138-socket-io-1-2-0 socket.io@1.2.0
112 verbose lock socket.io@1.2.0 /home/yuling/.npm/1b93a138-socket-io-1-2-0.lock
113 silly lockFile e37968a4-rg-socket-io-socket-io-1-2-0-tgz https://registry.npmjs.org/socket.io/-/socket.io-1.2.0.tgz
114 verbose lock https://registry.npmjs.org/socket.io/-/socket.io-1.2.0.tgz /home/yuling/.npm/e37968a4-rg-socket-io-socket-io-1-2-0-tgz.lock
115 verbose addRemoteTarball [ 'https://registry.npmjs.org/socket.io/-/socket.io-1.2.0.tgz',
115 verbose addRemoteTarball   '02f00ffc24626294f46924d4c25ce35a9b940789' ]
116 info retry fetch attempt 1 at 23:04:08
117 verbose fetch to= /tmp/npm-4115-3oSqcc0b/registry.npmjs.org/socket.io/-/socket.io-1.2.0.tgz
118 http GET https://registry.npmjs.org/socket.io/-/socket.io-1.2.0.tgz
119 http 200 https://registry.npmjs.org/request
120 silly registry.get cb [ 200,
120 silly registry.get   { date: 'Thu, 06 Nov 2014 05:44:37 GMT',
120 silly registry.get     server: 'CouchDB/1.5.0 (Erlang OTP/R16B03)',
120 silly registry.get     etag: '"D8UZ32H7H5DL24LY1VM9KEPN3"',
120 silly registry.get     'content-type': 'application/json',
120 silly registry.get     'cache-control': 'max-age=60',
120 silly registry.get     'content-length': '122179',
120 silly registry.get     'accept-ranges': 'bytes',
120 silly registry.get     via: '1.1 varnish',
120 silly registry.get     age: '6',
120 silly registry.get     'x-served-by': 'cache-lax1432-LAX',
120 silly registry.get     'x-cache': 'HIT',
120 silly registry.get     'x-cache-hits': '2',
120 silly registry.get     'x-timer': 'S1415252677.209435,VS0,VE0',
120 silly registry.get     vary: 'Accept',
120 silly registry.get     'keep-alive': 'timeout=10, max=50',
120 silly registry.get     connection: 'Keep-Alive' } ]
121 silly addNameRange number 2 { name: 'request', range: '*', hasData: true }
122 silly addNameRange versions [ 'request',
122 silly addNameRange   [ '0.10.0',
122 silly addNameRange     '0.8.3',
122 silly addNameRange     '0.9.0',
122 silly addNameRange     '0.9.1',
122 silly addNameRange     '0.9.5',
122 silly addNameRange     '1.0.0',
122 silly addNameRange     '1.1.0',
122 silly addNameRange     '1.1.1',
122 silly addNameRange     '1.2.0',
122 silly addNameRange     '1.9.0',
122 silly addNameRange     '1.9.1',
122 silly addNameRange     '1.9.2',
122 silly addNameRange     '1.9.3',
122 silly addNameRange     '1.9.5',
122 silly addNameRange     '1.9.7',
122 silly addNameRange     '1.9.8',
122 silly addNameRange     '1.9.9',
122 silly addNameRange     '2.0.0',
122 silly addNameRange     '2.0.1',
122 silly addNameRange     '2.0.2',
122 silly addNameRange     '2.0.3',
122 silly addNameRange     '2.0.4',
122 silly addNameRange     '2.0.5',
122 silly addNameRange     '2.1.0',
122 silly addNameRange     '2.1.1',
122 silly addNameRange     '2.2.0',
122 silly addNameRange     '2.2.5',
122 silly addNameRange     '2.2.6',
122 silly addNameRange     '2.2.9',
122 silly addNameRange     '2.9.0',
122 silly addNameRange     '2.9.1',
122 silly addNameRange     '2.9.2',
122 silly addNameRange     '2.9.3',
122 silly addNameRange     '2.9.100',
122 silly addNameRange     '2.9.150',
122 silly addNameRange     '2.9.151',
122 silly addNameRange     '2.9.152',
122 silly addNameRange     '2.9.153',
122 silly addNameRange     '2.9.200',
122 silly addNameRange     '2.9.201',
122 silly addNameRange     '2.9.202',
122 silly addNameRange     '2.9.203',
122 silly addNameRange     '2.10.0',
122 silly addNameRange     '2.11.0',
122 silly addNameRange     '2.11.1',
122 silly addNameRange     '2.11.2',
122 silly addNameRange     '2.11.3',
122 silly addNameRange     '2.11.4',
122 silly addNameRange     '2.12.0',
122 silly addNameRange     '2.14.0',
122 silly addNameRange     '2.16.0',
122 silly addNameRange     '2.16.2',
122 silly addNameRange     '2.16.4',
122 silly addNameRange     '2.16.6',
122 silly addNameRange     '2.18.0',
122 silly addNameRange     '2.19.0',
122 silly addNameRange     '2.20.0',
122 silly addNameRange     '2.21.0',
122 silly addNameRange     '2.22.0',
122 silly addNameRange     '2.23.0',
122 silly addNameRange     '2.24.0',
122 silly addNameRange     '2.25.0',
122 silly addNameRange     '2.26.0',
122 silly addNameRange     '2.27.0',
122 silly addNameRange     '2.28.0',
122 silly addNameRange     '2.29.0',
122 silly addNameRange     '2.30.0',
122 silly addNameRange     '2.31.0',
122 silly addNameRange     '2.32.0',
122 silly addNameRange     '2.33.0',
122 silly addNameRange     '2.34.0',
122 silly addNameRange     '2.35.0',
122 silly addNameRange     '2.36.0',
122 silly addNameRange     '2.37.0',
122 silly addNameRange     '2.38.0',
122 silly addNameRange     '2.39.0',
122 silly addNameRange     '2.40.0',
122 silly addNameRange     '2.41.0',
122 silly addNameRange     '2.42.0',
122 silly addNameRange     '2.43.0',
122 silly addNameRange     '2.44.0',
122 silly addNameRange     '2.45.0',
122 silly addNameRange     '2.46.0',
122 silly addNameRange     '2.47.0' ] ]
123 verbose addNamed [ 'request', '2.47.0' ]
124 verbose addNamed [ '2.47.0', '2.47.0' ]
125 silly lockFile 6725db09-request-2-47-0 request@2.47.0
126 verbose lock request@2.47.0 /home/yuling/.npm/6725db09-request-2-47-0.lock
127 silly lockFile 5a101fd8-s-org-request-request-2-47-0-tgz https://registry.npmjs.org/request/-/request-2.47.0.tgz
128 verbose lock https://registry.npmjs.org/request/-/request-2.47.0.tgz /home/yuling/.npm/5a101fd8-s-org-request-request-2-47-0-tgz.lock
129 verbose addRemoteTarball [ 'https://registry.npmjs.org/request/-/request-2.47.0.tgz',
129 verbose addRemoteTarball   '09e9fd1a4fed6593a805ef8202b20f0c5ecb485f' ]
130 info retry fetch attempt 1 at 23:04:08
131 verbose fetch to= /tmp/npm-4115-3oSqcc0b/registry.npmjs.org/request/-/request-2.47.0.tgz
132 http GET https://registry.npmjs.org/request/-/request-2.47.0.tgz
133 http 200 https://registry.npmjs.org/socket.io/-/socket.io-1.2.0.tgz
134 http 200 https://registry.npmjs.org/request/-/request-2.47.0.tgz
135 http 200 https://registry.npmjs.org/express
136 silly registry.get cb [ 200,
136 silly registry.get   { date: 'Thu, 06 Nov 2014 05:44:37 GMT',
136 silly registry.get     server: 'CouchDB/1.5.0 (Erlang OTP/R16B03)',
136 silly registry.get     etag: '"9VWKYZ1F4O5IC5ARH8TR2R278"',
136 silly registry.get     'content-type': 'application/json',
136 silly registry.get     'cache-control': 'max-age=60',
136 silly registry.get     'content-length': '412453',
136 silly registry.get     'accept-ranges': 'bytes',
136 silly registry.get     via: '1.1 varnish',
136 silly registry.get     age: '8',
136 silly registry.get     'x-served-by': 'cache-lax1424-LAX',
136 silly registry.get     'x-cache': 'HIT',
136 silly registry.get     'x-cache-hits': '2',
136 silly registry.get     'x-timer': 'S1415252677.211512,VS0,VE0',
136 silly registry.get     vary: 'Accept',
136 silly registry.get     'keep-alive': 'timeout=10, max=50',
136 silly registry.get     connection: 'Keep-Alive' } ]
137 silly lockFile e37968a4-rg-socket-io-socket-io-1-2-0-tgz https://registry.npmjs.org/socket.io/-/socket.io-1.2.0.tgz
138 silly lockFile e37968a4-rg-socket-io-socket-io-1-2-0-tgz https://registry.npmjs.org/socket.io/-/socket.io-1.2.0.tgz
139 silly lockFile 1b93a138-socket-io-1-2-0 socket.io@1.2.0
140 silly lockFile 1b93a138-socket-io-1-2-0 socket.io@1.2.0
141 silly lockFile c03de861-socket-io socket.io@
142 silly lockFile c03de861-socket-io socket.io@
143 silly addNameRange number 2 { name: 'express', range: '*', hasData: true }
144 silly addNameRange versions [ 'express',
144 silly addNameRange   [ '0.14.0',
144 silly addNameRange     '0.14.1',
144 silly addNameRange     '1.0.0',
144 silly addNameRange     '1.0.1',
144 silly addNameRange     '1.0.2',
144 silly addNameRange     '1.0.3',
144 silly addNameRange     '1.0.4',
144 silly addNameRange     '1.0.5',
144 silly addNameRange     '1.0.6',
144 silly addNameRange     '1.0.7',
144 silly addNameRange     '1.0.8',
144 silly addNameRange     '2.0.0',
144 silly addNameRange     '2.1.0',
144 silly addNameRange     '2.1.1',
144 silly addNameRange     '2.2.0',
144 silly addNameRange     '2.2.1',
144 silly addNameRange     '2.2.2',
144 silly addNameRange     '2.3.0',
144 silly addNameRange     '2.3.1',
144 silly addNameRange     '2.3.2',
144 silly addNameRange     '2.3.3',
144 silly addNameRange     '2.3.4',
144 silly addNameRange     '2.3.5',
144 silly addNameRange     '2.3.6',
144 silly addNameRange     '2.3.7',
144 silly addNameRange     '2.3.8',
144 silly addNameRange     '2.3.9',
144 silly addNameRange     '2.3.10',
144 silly addNameRange     '2.3.11',
144 silly addNameRange     '2.3.12',
144 silly addNameRange     '2.4.0',
144 silly addNameRange     '2.4.1',
144 silly addNameRange     '2.4.2',
144 silly addNameRange     '2.4.3',
144 silly addNameRange     '2.4.4',
144 silly addNameRange     '2.4.5',
144 silly addNameRange     '2.4.6',
144 silly addNameRange     '2.4.7',
144 silly addNameRange     '2.5.0',
144 silly addNameRange     '2.5.1',
144 silly addNameRange     '2.5.2',
144 silly addNameRange     '2.5.3',
144 silly addNameRange     '2.5.4',
144 silly addNameRange     '2.5.5',
144 silly addNameRange     '2.5.6',
144 silly addNameRange     '2.5.7',
144 silly addNameRange     '2.5.8',
144 silly addNameRange     '2.5.9',
144 silly addNameRange     '2.5.10',
144 silly addNameRange     '2.5.11',
144 silly addNameRange     '3.0.0',
144 silly addNameRange     '3.0.1',
144 silly addNameRange     '3.0.2',
144 silly addNameRange     '3.0.3',
144 silly addNameRange     '3.0.4',
144 silly addNameRange     '3.0.5',
144 silly addNameRange     '3.0.6',
144 silly addNameRange     '3.1.0',
144 silly addNameRange     '3.1.1',
144 silly addNameRange     '3.1.2',
144 silly addNameRange     '3.2.0',
144 silly addNameRange     '3.2.1',
144 silly addNameRange     '3.2.2',
144 silly addNameRange     '3.2.3',
144 silly addNameRange     '3.2.4',
144 silly addNameRange     '3.2.5',
144 silly addNameRange     '3.2.6',
144 silly addNameRange     '3.3.0',
144 silly addNameRange     '3.3.1',
144 silly addNameRange     '3.3.2',
144 silly addNameRange     '3.3.3',
144 silly addNameRange     '3.3.4',
144 silly addNameRange     '3.3.5',
144 silly addNameRange     '3.3.6',
144 silly addNameRange     '1.0.0-beta',
144 silly addNameRange     '1.0.0-beta2',
144 silly addNameRange     '1.0.0-rc',
144 silly addNameRange     '1.0.0-rc2',
144 silly addNameRange     '1.0.0-rc3',
144 silly addNameRange     '1.0.0-rc4',
144 silly addNameRange     '2.0.0-beta',
144 silly addNameRange     '2.0.0-beta2',
144 silly addNameRange     '2.0.0-beta3',
144 silly addNameRange     '2.0.0-rc',
144 silly addNameRange     '2.0.0-rc2',
144 silly addNameRange     '2.0.0-rc3',
144 silly addNameRange     '3.0.0-alpha1',
144 silly addNameRange     '3.0.0-alpha2',
144 silly addNameRange     '3.0.0-alpha3',
144 silly addNameRange     '3.0.0-alpha4',
144 silly addNameRange     '3.0.0-alpha5',
144 silly addNameRange     '3.0.0-beta1',
144 silly addNameRange     '3.0.0-beta2',
144 silly addNameRange     '3.0.0-beta3',
144 silly addNameRange     '3.0.0-beta4',
144 silly addNameRange     '3.0.0-beta6',
144 silly addNameRange     '3.0.0-beta7',
144 silly addNameRange     '3.0.0-rc1',
144 silly addNameRange     '3.0.0-rc2',
144 silly addNameRange     '3.0.0-rc3',
144 silly addNameRange     '3.0.0-rc4',
144 silly addNameRange     '3.0.0-rc5',
144 silly addNameRange     '3.3.7',
144 silly addNameRange     '3.3.8',
144 silly addNameRange     '3.4.0',
144 silly addNameRange     '3.4.1',
144 silly addNameRange     '3.4.2',
144 silly addNameRange     '3.4.3',
144 silly addNameRange     '3.4.4',
144 silly addNameRange     '3.4.5',
144 silly addNameRange     '3.4.6',
144 silly addNameRange     '3.4.7',
144 silly addNameRange     '3.4.8',
144 silly addNameRange     '4.0.0-rc1',
144 silly addNameRange     '4.0.0-rc2',
144 silly addNameRange     '3.5.0',
144 silly addNameRange     '4.0.0-rc3',
144 silly addNameRange     '4.0.0-rc4',
144 silly addNameRange     '3.5.1',
144 silly addNameRange     '4.0.0',
144 silly addNameRange     '3.5.2',
144 silly addNameRange     '4.1.0',
144 silly addNameRange     '4.1.1',
144 silly addNameRange     '3.5.3',
144 silly addNameRange     '4.1.2',
144 silly addNameRange     '3.6.0',
144 silly addNameRange     '4.2.0',
144 silly addNameRange     '3.7.0',
144 silly addNameRange     '3.8.0',
144 silly addNameRange     '4.3.0',
144 silly addNameRange     '4.3.1',
144 silly addNameRange     '3.8.1',
144 silly addNameRange     '4.3.2',
144 silly addNameRange     '3.9.0',
144 silly addNameRange     '4.4.0',
144 silly addNameRange     '4.4.1',
144 silly addNameRange     '3.10.0',
144 silly addNameRange     '3.10.1',
144 silly addNameRange     '3.10.2',
144 silly addNameRange     '3.10.3',
144 silly addNameRange     '3.10.4',
144 silly addNameRange     '4.4.2',
144 silly addNameRange     '3.10.5',
144 silly addNameRange     '4.4.3',
144 silly addNameRange     '3.11.0',
144 silly addNameRange     '4.4.4',
144 silly addNameRange     '3.12.0',
144 silly addNameRange     '3.12.1',
144 silly addNameRange     '4.4.5',
144 silly addNameRange     '3.13.0',
144 silly addNameRange     '4.5.0',
144 silly addNameRange     '4.5.1',
144 silly addNameRange     '3.14.0',
144 silly addNameRange     '4.6.0',
144 silly addNameRange     '4.6.1',
144 silly addNameRange     '3.15.0',
144 silly addNameRange     '4.7.0',
144 silly addNameRange     '3.15.1',
144 silly addNameRange     '4.7.1',
144 silly addNameRange     '3.15.2',
144 silly addNameRange     '4.7.2',
144 silly addNameRange     '4.7.3',
144 silly addNameRange     '3.15.3',
144 silly addNameRange     '4.7.4',
144 silly addNameRange     '3.16.0',
144 silly addNameRange     '4.8.0',
144 silly addNameRange     '3.16.1',
144 silly addNameRange     '4.8.1',
144 silly addNameRange     '3.16.2',
144 silly addNameRange     '4.8.2',
144 silly addNameRange     '3.16.3',
144 silly addNameRange     '3.16.4',
144 silly addNameRange     '4.8.3',
144 silly addNameRange     '3.16.5',
144 silly addNameRange     '3.16.6',
144 silly addNameRange     '4.8.4',
144 silly addNameRange     '3.16.7',
144 silly addNameRange     '4.8.5',
144 silly addNameRange     '3.16.8',
144 silly addNameRange     '4.8.6',
144 silly addNameRange     '3.16.9',
144 silly addNameRange     '4.8.7',
144 silly addNameRange     '3.16.10',
144 silly addNameRange     '4.8.8',
144 silly addNameRange     '3.17.0',
144 silly addNameRange     '3.17.1',
144 silly addNameRange     '4.9.0',
144 silly addNameRange     '3.17.2',
144 silly addNameRange     '4.9.1',
144 silly addNameRange     '4.9.2',
144 silly addNameRange     '3.17.3',
144 silly addNameRange     '4.9.3',
144 silly addNameRange     '3.17.4',
144 silly addNameRange     '4.9.4',
144 silly addNameRange     '3.17.5',
144 silly addNameRange     '4.9.5',
144 silly addNameRange     '3.17.6',
144 silly addNameRange     '3.17.7',
144 silly addNameRange     '4.9.6',
144 silly addNameRange     '4.9.7',
144 silly addNameRange     '3.17.8',
144 silly addNameRange     '4.9.8',
144 silly addNameRange     '3.18.0',
144 silly addNameRange     '3.18.1',
144 silly addNameRange     '4.10.0',
144 silly addNameRange     '3.18.2',
144 silly addNameRange     '4.10.1' ] ]
145 verbose addNamed [ 'express', '4.10.1' ]
146 verbose addNamed [ '4.10.1', '4.10.1' ]
147 silly lockFile 513c21c6-express-4-10-1 express@4.10.1
148 verbose lock express@4.10.1 /home/yuling/.npm/513c21c6-express-4-10-1.lock
149 silly lockFile 513c21c6-express-4-10-1 express@4.10.1
150 silly lockFile 513c21c6-express-4-10-1 express@4.10.1
151 silly lockFile 64a534c1-express express@
152 silly lockFile 64a534c1-express express@
153 silly lockFile 5a101fd8-s-org-request-request-2-47-0-tgz https://registry.npmjs.org/request/-/request-2.47.0.tgz
154 silly lockFile 5a101fd8-s-org-request-request-2-47-0-tgz https://registry.npmjs.org/request/-/request-2.47.0.tgz
155 silly lockFile 6725db09-request-2-47-0 request@2.47.0
156 silly lockFile 6725db09-request-2-47-0 request@2.47.0
157 silly lockFile 9d461bcf-request request@
158 silly lockFile 9d461bcf-request request@
159 error Error: EACCES, mkdir '/home/yuling/.npm/request/2.47.0'
159 error  { [Error: EACCES, mkdir '/home/yuling/.npm/request/2.47.0']
159 error   errno: 3,
159 error   code: 'EACCES',
159 error   path: '/home/yuling/.npm/request/2.47.0',
159 error   parent: 'webserver' }
160 error Please try running this command again as root/Administrator.
161 error System Linux 3.8.0-29-generic
162 error command "/usr/bin/node" "/usr/bin/npm" "install" "axon" "express" "socket.io" "request" "--save"
163 error cwd /home/yuling/workspace/soup/node/webserver
164 error node -v v0.10.32
165 error npm -v 1.4.28
166 error path /home/yuling/.npm/request/2.47.0
167 error code EACCES
168 error errno 3
169 error stack Error: EACCES, mkdir '/home/yuling/.npm/request/2.47.0'
170 verbose exit [ 3, true ]
